<?xml version="1.0" encoding="utf-8"?><testsuites name="pytest tests"><testsuite name="pytest" errors="0" failures="1" skipped="0" tests="17" time="2.108" timestamp="2026-05-16T15:11:12.872188+00:00" hostname="agent-env-7e6fe1f0-b30c-4491-8452-6f6d96846e22"><testcase classname="backend.tests.test_iter6_notifications.TestNotificationsModule" name="test_module_imports_cleanly" time="0.000" /><testcase classname="backend.tests.test_iter6_notifications.TestNotificationsModule" name="test_send_returns_false_when_env_missing" time="0.002" /><testcase classname="backend.tests.test_iter6_notifications.TestNotificationsModule" name="test_format_booking_message_contains_name_email_start" time="0.000"><failure message="Failed: format_booking_message double-escapes backslashes — '.' becomes '\\.' instead of '\.'; Telegram MarkdownV2 will render this incorrectly. Fix: in notifications._escape_md, escape '\\' first, or remove it from the iteration list (raw input rarely contains backslashes).">backend/tests/test_iter6_notifications.py:68: in test_format_booking_message_contains_name_email_start
    pytest.fail(
E   Failed: format_booking_message double-escapes backslashes — '.' becomes '\\.' instead of '\.'; Telegram MarkdownV2 will render this incorrectly. Fix: in notifications._escape_md, escape '\\' first, or remove it from the iteration list (raw input rarely contains backslashes).</failure></testcase><testcase classname="backend.tests.test_iter6_notifications.TestNotificationsModule" name="test_format_trial_handoff_message" time="0.000" /><testcase classname="backend.tests.test_iter6_notifications.TestNotificationsModule" name="test_escape_md_escapes_reserved" time="0.000" /><testcase classname="backend.tests.test_iter6_notifications.TestEvents" name="test_root" time="0.292" /><testcase classname="backend.tests.test_iter6_notifications.TestEvents" name="test_event_trial_with_expert_201" time="0.127" /><testcase classname="backend.tests.test_iter6_notifications.TestEvents" name="test_event_exit_click_201" time="0.105" /><testcase classname="backend.tests.test_iter6_notifications.TestEvents" name="test_event_other_event_still_persists" time="0.103" /><testcase classname="backend.tests.test_iter6_notifications.TestEvents" name="test_events_stats_200" time="0.132" /><testcase classname="backend.tests.test_iter6_notifications.TestLeads" name="test_create_lead_and_list" time="0.233" /><testcase classname="backend.tests.test_iter6_notifications.TestStatus" name="test_status_post_get" time="0.261" /><testcase classname="backend.tests.test_iter6_notifications.TestCalendlyWebhook" name="test_webhook_no_signing_key_accepts" time="0.100" /><testcase classname="backend.tests.test_iter6_notifications.TestCalendlyWebhook" name="test_webhook_duplicate_idempotent" time="0.229" /><testcase classname="backend.tests.test_iter6_notifications.TestCalendlyWebhook" name="test_webhook_invalid_json_400" time="0.139" /><testcase classname="backend.tests.test_iter6_notifications.TestSEOAssets" name="test_robots_txt" time="0.105" /><testcase classname="backend.tests.test_iter6_notifications.TestSEOAssets" name="test_sitemap_xml" time="0.135" /></testsuite></testsuites>