<?xml version="1.0" encoding="utf-8"?><testsuites name="pytest tests"><testsuite name="pytest" errors="0" failures="0" skipped="0" tests="9" time="2.929" timestamp="2026-05-16T00:06:47.834653+00:00" hostname="agent-env-7e6fe1f0-b30c-4491-8452-6f6d96846e22"><testcase classname="backend.tests.test_leads_api" name="test_api_root_returns_200" time="0.316" /><testcase classname="backend.tests.test_leads_api" name="test_create_lead_valid_payload" time="0.610" /><testcase classname="backend.tests.test_leads_api" name="test_create_lead_invalid_email_returns_422" time="0.050" /><testcase classname="backend.tests.test_leads_api" name="test_create_lead_empty_name_returns_422" time="0.050" /><testcase classname="backend.tests.test_leads_api" name="test_create_lead_short_name_returns_422" time="0.051" /><testcase classname="backend.tests.test_leads_api" name="test_create_lead_missing_email_returns_422" time="0.049" /><testcase classname="backend.tests.test_leads_api" name="test_get_leads_no_mongo_id_and_sorted_desc" time="1.261" /><testcase classname="backend.tests.test_leads_api" name="test_get_leads_respects_limit" time="0.375" /><testcase classname="backend.tests.test_leads_api" name="test_create_lead_minimal_payload" time="0.050" /></testsuite></testsuites>