<?xml version="1.0" encoding="utf-8"?><testsuites name="pytest tests"><testsuite name="pytest" errors="0" failures="0" skipped="0" tests="26" time="6.649" timestamp="2026-05-16T00:40:14.139204+00:00" hostname="agent-env-7e6fe1f0-b30c-4491-8452-6f6d96846e22"><testcase classname="backend.tests.test_calendly_webhook" name="test_public_webhook_no_key_accepts_and_persists" time="0.286" /><testcase classname="backend.tests.test_calendly_webhook" name="test_public_webhook_duplicate_returns_duplicate_ignored" time="0.310" /><testcase classname="backend.tests.test_calendly_webhook" name="test_public_webhook_fires_calendly_booking_event_in_stats" time="0.811" /><testcase classname="backend.tests.test_calendly_webhook" name="test_public_webhook_extracts_invitee_name_from_first_last" time="0.141" /><testcase classname="backend.tests.test_calendly_webhook" name="test_signed_valid_signature_returns_200" time="0.110" /><testcase classname="backend.tests.test_calendly_webhook" name="test_signed_missing_header_returns_400" time="0.002" /><testcase classname="backend.tests.test_calendly_webhook" name="test_signed_wrong_v1_returns_400" time="0.002" /><testcase classname="backend.tests.test_calendly_webhook" name="test_signed_stale_timestamp_returns_400" time="0.002" /><testcase classname="backend.tests.test_calendly_webhook" name="test_regression_leads_create_and_list" time="0.251" /><testcase classname="backend.tests.test_calendly_webhook" name="test_regression_events_create_and_stats" time="0.216" /><testcase classname="backend.tests.test_events_api" name="test_create_event_with_variant" time="0.115" /><testcase classname="backend.tests.test_events_api" name="test_create_event_empty_name_returns_422" time="0.047" /><testcase classname="backend.tests.test_events_api" name="test_create_event_missing_name_returns_422" time="0.047" /><testcase classname="backend.tests.test_events_api" name="test_create_event_minimal_payload" time="0.049" /><testcase classname="backend.tests.test_events_api" name="test_events_stats_structure_and_cr" time="0.810" /><testcase classname="backend.tests.test_events_api" name="test_events_stats_contains_a_and_b" time="0.553" /><testcase classname="backend.tests.test_events_api" name="test_events_stats_no_mongo_id" time="0.048" /><testcase classname="backend.tests.test_leads_api" name="test_api_root_returns_200" time="0.103" /><testcase classname="backend.tests.test_leads_api" name="test_create_lead_valid_payload" time="0.599" /><testcase classname="backend.tests.test_leads_api" name="test_create_lead_invalid_email_returns_422" time="0.048" /><testcase classname="backend.tests.test_leads_api" name="test_create_lead_empty_name_returns_422" time="0.049" /><testcase classname="backend.tests.test_leads_api" name="test_create_lead_short_name_returns_422" time="0.047" /><testcase classname="backend.tests.test_leads_api" name="test_create_lead_missing_email_returns_422" time="0.047" /><testcase classname="backend.tests.test_leads_api" name="test_get_leads_no_mongo_id_and_sorted_desc" time="1.251" /><testcase classname="backend.tests.test_leads_api" name="test_get_leads_respects_limit" time="0.345" /><testcase classname="backend.tests.test_leads_api" name="test_create_lead_minimal_payload" time="0.047" /></testsuite></testsuites>