<?xml version="1.0" encoding="utf-8"?><testsuites name="pytest tests"><testsuite name="pytest" errors="0" failures="0" skipped="0" tests="16" time="4.690" timestamp="2026-05-16T00:16:41.461918+00:00" hostname="agent-env-7e6fe1f0-b30c-4491-8452-6f6d96846e22"><testcase classname="backend.tests.test_events_api" name="test_create_event_with_variant" time="0.315" /><testcase classname="backend.tests.test_events_api" name="test_create_event_empty_name_returns_422" time="0.054" /><testcase classname="backend.tests.test_events_api" name="test_create_event_missing_name_returns_422" time="0.050" /><testcase classname="backend.tests.test_events_api" name="test_create_event_minimal_payload" time="0.050" /><testcase classname="backend.tests.test_events_api" name="test_events_stats_structure_and_cr" time="0.814" /><testcase classname="backend.tests.test_events_api" name="test_events_stats_contains_a_and_b" time="0.554" /><testcase classname="backend.tests.test_events_api" name="test_events_stats_no_mongo_id" time="0.048" /><testcase classname="backend.tests.test_leads_api" name="test_api_root_returns_200" time="0.161" /><testcase classname="backend.tests.test_leads_api" name="test_create_lead_valid_payload" time="0.610" /><testcase classname="backend.tests.test_leads_api" name="test_create_lead_invalid_email_returns_422" time="0.052" /><testcase classname="backend.tests.test_leads_api" name="test_create_lead_empty_name_returns_422" time="0.053" /><testcase classname="backend.tests.test_leads_api" name="test_create_lead_short_name_returns_422" time="0.053" /><testcase classname="backend.tests.test_leads_api" name="test_create_lead_missing_email_returns_422" time="0.052" /><testcase classname="backend.tests.test_leads_api" name="test_get_leads_no_mongo_id_and_sorted_desc" time="1.259" /><testcase classname="backend.tests.test_leads_api" name="test_get_leads_respects_limit" time="0.382" /><testcase classname="backend.tests.test_leads_api" name="test_create_lead_minimal_payload" time="0.056" /></testsuite></testsuites>